2018-07-08  20:17:36.708 INFO  [tartedMain] [] o.s.c.a.AnnotationConfigApplicationContext - Refreshing org.springframework.context.annotation.AnnotationConfigApplicationContext@67b06354: startup date [Sun Jul 08 20:17:36 CST 2018]; root of context hierarchy
2018-07-08  20:17:37.079 INFO  [nd-preinit] [] o.h.v.i.util.Version - HV000001: Hibernate Validator 5.3.5.Final
2018-07-08  20:17:37.874 INFO  [tartedMain] [] o.s.b.f.a.AutowiredAnnotationBeanPostProcessor - JSR-330 'javax.inject.Inject' annotation found and supported for autowiring
2018-07-08  20:17:37.933 INFO  [tartedMain] [] o.s.c.s.PostProcessorRegistrationDelegate$BeanPostProcessorChecker - Bean 'configurationPropertiesRebinderAutoConfiguration' of type [org.springframework.cloud.autoconfigure.ConfigurationPropertiesRebinderAutoConfiguration$$EnhancerBySpringCGLIB$$a7a5aefa] is not eligible for getting processed by all BeanPostProcessors (for example: not eligible for auto-proxying)
2018-07-08  20:17:40.738 INFO  [tartedMain] [] c.c.t.b.TaurusBaseApplication - No active profile set, falling back to default profiles: default
2018-07-08  20:17:40.893 INFO  [tartedMain] [] o.s.b.c.e.AnnotationConfigEmbeddedWebApplicationContext - Refreshing org.springframework.boot.context.embedded.AnnotationConfigEmbeddedWebApplicationContext@26e5fadd: startup date [Sun Jul 08 20:17:40 CST 2018]; parent: org.springframework.context.annotation.AnnotationConfigApplicationContext@67b06354
2018-07-08  20:17:47.330 INFO  [tartedMain] [] o.s.c.c.s.GenericScope - BeanFactory id=37cd122b-8e0d-3333-bab3-e86f4c2b1934
2018-07-08  20:17:47.381 INFO  [tartedMain] [] o.s.b.f.a.AutowiredAnnotationBeanPostProcessor - JSR-330 'javax.inject.Inject' annotation found and supported for autowiring
2018-07-08  20:17:47.945 INFO  [tartedMain] [] o.s.c.s.PostProcessorRegistrationDelegate$BeanPostProcessorChecker - Bean 'org.springframework.transaction.annotation.ProxyTransactionManagementConfiguration' of type [org.springframework.transaction.annotation.ProxyTransactionManagementConfiguration$$EnhancerBySpringCGLIB$$8b8babfd] is not eligible for getting processed by all BeanPostProcessors (for example: not eligible for auto-proxying)
2018-07-08  20:17:48.699 INFO  [tartedMain] [] o.s.c.s.PostProcessorRegistrationDelegate$BeanPostProcessorChecker - Bean 'org.springframework.cloud.netflix.metrics.MetricsInterceptorConfiguration$MetricsRestTemplateConfiguration' of type [org.springframework.cloud.netflix.metrics.MetricsInterceptorConfiguration$MetricsRestTemplateConfiguration$$EnhancerBySpringCGLIB$$bdb8523e] is not eligible for getting processed by all BeanPostProcessors (for example: not eligible for auto-proxying)
2018-07-08  20:17:48.710 INFO  [tartedMain] [] o.s.c.s.PostProcessorRegistrationDelegate$BeanPostProcessorChecker - Bean 'org.springframework.cloud.autoconfigure.ConfigurationPropertiesRebinderAutoConfiguration' of type [org.springframework.cloud.autoconfigure.ConfigurationPropertiesRebinderAutoConfiguration$$EnhancerBySpringCGLIB$$a7a5aefa] is not eligible for getting processed by all BeanPostProcessors (for example: not eligible for auto-proxying)
2018-07-08  20:17:50.552 INFO  [tartedMain] [] o.s.b.c.e.t.TomcatEmbeddedServletContainer - Tomcat initialized with port(s): 9999 (http)
2018-07-08  20:17:50.571 INFO  [tartedMain] [] o.a.c.c.StandardService - Starting service [Tomcat]
2018-07-08  20:17:50.572 INFO  [tartedMain] [] o.a.c.c.StandardEngine - Starting Servlet Engine: Apache Tomcat/8.5.15
2018-07-08  20:17:53.089 INFO  [tartStop-1] [] o.a.c.c.C.[.[.[/] - Initializing Spring embedded WebApplicationContext
2018-07-08  20:17:53.092 INFO  [tartStop-1] [] o.s.w.c.ContextLoader - Root WebApplicationContext: initialization completed in 12199 ms
2018-07-08  20:17:53.930 INFO  [tartStop-1] [] o.s.b.w.s.ServletRegistrationBean - Mapping servlet: 'dispatcherServlet' to [/taurus-base/*]
2018-07-08  20:17:53.930 INFO  [tartStop-1] [] o.s.b.w.s.ServletRegistrationBean - Mapping servlet: 'com.cf.taurus.base.dbrouter.monitor.DruidStatViewServlet' to [/druid/*]
2018-07-08  20:17:53.930 INFO  [tartStop-1] [] o.s.b.w.s.FilterRegistrationBean - Mapping filter: 'metricsFilter' to: [/*]
2018-07-08  20:17:53.930 INFO  [tartStop-1] [] o.s.b.w.s.FilterRegistrationBean - Mapping filter: 'characterEncodingFilter' to: [/*]
2018-07-08  20:17:53.930 INFO  [tartStop-1] [] o.s.b.w.s.FilterRegistrationBean - Mapping filter: 'hiddenHttpMethodFilter' to: [/*]
2018-07-08  20:17:53.930 INFO  [tartStop-1] [] o.s.b.w.s.FilterRegistrationBean - Mapping filter: 'httpPutFormContentFilter' to: [/*]
2018-07-08  20:17:53.930 INFO  [tartStop-1] [] o.s.b.w.s.FilterRegistrationBean - Mapping filter: 'requestContextFilter' to: [/*]
2018-07-08  20:17:53.930 INFO  [tartStop-1] [] o.s.b.w.s.FilterRegistrationBean - Mapping filter: 'webRequestLoggingFilter' to: [/*]
2018-07-08  20:17:53.930 INFO  [tartStop-1] [] o.s.b.w.s.FilterRegistrationBean - Mapping filter: 'druidWebStatFilter' to urls: [/*]
2018-07-08  20:17:53.930 INFO  [tartStop-1] [] o.s.b.w.s.FilterRegistrationBean - Mapping filter: 'applicationContextIdFilter' to: [/*]
2018-07-08  20:17:54.437 DEBUG [tartedMain] [] c.c.t.b.d.c.DruidAutoConfiguration - DATASOURCE CONFIG: DruidProperties.DataSourceConfig(alias=main, driverClassName=com.mysql.jdbc.Driver, url=jdbc:mysql://47.97.163.100:3306/taurus?useUnicode=true&characterEncoding=utf8&useSSL=true, username=root, password=password, type=com.alibaba.druid.pool.DruidDataSource, testWhileIdle=true, testOnReturn=false, testOnBorrow=false, validationQuery=select 'x', filters=stat, minEvictableIdleTimeMillis=300000, initialSize=1, minIdle=1, maxActive=20, maxWait=60000, timeBetweenEvictionRunsMillis=60000, poolPreparedStatements=true, maxOpenPreparedStatements=20)
2018-07-08  20:17:54.731 INFO  [tartedMain] [] c.c.t.b.d.c.DruidAutoConfiguration - DataBase route config success
2018-07-08  20:17:58.430 INFO  [tartedMain] [] o.s.w.s.m.m.a.RequestMappingHandlerAdapter - Looking for @ControllerAdvice: org.springframework.boot.context.embedded.AnnotationConfigEmbeddedWebApplicationContext@26e5fadd: startup date [Sun Jul 08 20:17:40 CST 2018]; parent: org.springframework.context.annotation.AnnotationConfigApplicationContext@67b06354
2018-07-08  20:17:58.911 INFO  [tartedMain] [] o.s.w.s.m.m.a.RequestMappingHandlerMapping - Mapped "{[/actor/getActorById],methods=[GET]}" onto public com.cf.taurus.common.util.Response com.cf.taurus.base.provider.ActorProvider.getActorById(java.lang.Integer)
2018-07-08  20:17:58.912 INFO  [tartedMain] [] o.s.w.s.m.m.a.RequestMappingHandlerMapping - Mapped "{[/actor/getAllSkill],methods=[GET]}" onto public com.cf.taurus.common.util.Response com.cf.taurus.base.provider.ActorProvider.getAllSkill()
2018-07-08  20:17:58.913 INFO  [tartedMain] [] o.s.w.s.m.m.a.RequestMappingHandlerMapping - Mapped "{[/actor/getActors],methods=[POST]}" onto public com.cf.taurus.common.util.Response com.cf.taurus.base.provider.ActorProvider.getActors(com.cf.taurus.common.po.Actor)
2018-07-08  20:17:58.913 INFO  [tartedMain] [] o.s.w.s.m.m.a.RequestMappingHandlerMapping - Mapped "{[/actor/getSkillDetailByName],methods=[GET]}" onto public com.cf.taurus.common.util.Response com.cf.taurus.base.provider.ActorProvider.getSkillDetailByName(java.lang.String)
2018-07-08  20:17:58.914 INFO  [tartedMain] [] o.s.w.s.m.m.a.RequestMappingHandlerMapping - Mapped "{[/film/getFilms],methods=[POST]}" onto public com.cf.taurus.common.util.Response com.cf.taurus.base.provider.FilmProvider.getFilms(com.cf.taurus.common.po.Film)
2018-07-08  20:17:58.914 INFO  [tartedMain] [] o.s.w.s.m.m.a.RequestMappingHandlerMapping - Mapped "{[/film/getFilmById],methods=[GET]}" onto public com.cf.taurus.common.util.Response com.cf.taurus.base.provider.FilmProvider.getFilmById(java.lang.Integer)
2018-07-08  20:17:58.915 INFO  [tartedMain] [] o.s.w.s.m.m.a.RequestMappingHandlerMapping - Mapped "{[/hint/getHints],methods=[POST]}" onto public com.cf.taurus.common.util.Response com.cf.taurus.base.provider.HintProvider.getHints(com.cf.taurus.common.po.Hint)
2018-07-08  20:17:58.915 INFO  [tartedMain] [] o.s.w.s.m.m.a.RequestMappingHandlerMapping - Mapped "{[/hint/getHintById],methods=[GET]}" onto public com.cf.taurus.common.util.Response com.cf.taurus.base.provider.HintProvider.getHintById(java.lang.Integer)
2018-07-08  20:17:58.915 INFO  [tartedMain] [] o.s.w.s.m.m.a.RequestMappingHandlerMapping - Mapped "{[/hint/saveHint],methods=[POST]}" onto public com.cf.taurus.common.util.Response com.cf.taurus.base.provider.HintProvider.saveHint(com.cf.taurus.common.po.Hint)
2018-07-08  20:17:58.915 INFO  [tartedMain] [] o.s.w.s.m.m.a.RequestMappingHandlerMapping - Mapped "{[/sell/getAllSell],methods=[GET]}" onto public com.cf.taurus.common.util.Response com.cf.taurus.base.provider.SellProvider.getAllSell()
2018-07-08  20:17:58.916 INFO  [tartedMain] [] o.s.w.s.m.m.a.RequestMappingHandlerMapping - Mapped "{[/user/checkPassword],methods=[GET]}" onto public com.cf.taurus.common.util.Response com.cf.taurus.base.provider.UserProvider.checkPassword(java.lang.Long,java.lang.String)
2018-07-08  20:17:58.917 INFO  [tartedMain] [] o.s.w.s.m.m.a.RequestMappingHandlerMapping - Mapped "{[/user/saveUserInfo],methods=[POST]}" onto public com.cf.taurus.common.util.Response com.cf.taurus.base.provider.UserProvider.saveUserInfo(com.cf.taurus.common.po.UserInfo)
2018-07-08  20:17:58.917 INFO  [tartedMain] [] o.s.w.s.m.m.a.RequestMappingHandlerMapping - Mapped "{[/user/getSummary],methods=[GET]}" onto public com.cf.taurus.common.util.Response com.cf.taurus.base.provider.UserProvider.getSummary()
2018-07-08  20:17:58.917 INFO  [tartedMain] [] o.s.w.s.m.m.a.RequestMappingHandlerMapping - Mapped "{[/user/getUserInfoById],methods=[GET]}" onto public com.cf.taurus.common.util.Response com.cf.taurus.base.provider.UserProvider.getUserInfoById(java.lang.Long)
2018-07-08  20:17:58.919 INFO  [tartedMain] [] o.s.w.s.m.m.a.RequestMappingHandlerMapping - Mapped "{[/error]}" onto public org.springframework.http.ResponseEntity<java.util.Map<java.lang.String, java.lang.Object>> org.springframework.boot.autoconfigure.web.BasicErrorController.error(javax.servlet.http.HttpServletRequest)
2018-07-08  20:17:58.919 INFO  [tartedMain] [] o.s.w.s.m.m.a.RequestMappingHandlerMapping - Mapped "{[/error],produces=[text/html]}" onto public org.springframework.web.servlet.ModelAndView org.springframework.boot.autoconfigure.web.BasicErrorController.errorHtml(javax.servlet.http.HttpServletRequest,javax.servlet.http.HttpServletResponse)
2018-07-08  20:17:59.057 INFO  [tartedMain] [] o.s.w.s.h.SimpleUrlHandlerMapping - Mapped URL path [/webjars/**] onto handler of type [class org.springframework.web.servlet.resource.ResourceHttpRequestHandler]
2018-07-08  20:17:59.057 INFO  [tartedMain] [] o.s.w.s.h.SimpleUrlHandlerMapping - Mapped URL path [/**] onto handler of type [class org.springframework.web.servlet.resource.ResourceHttpRequestHandler]
2018-07-08  20:17:59.183 INFO  [tartedMain] [] o.s.w.s.h.SimpleUrlHandlerMapping - Mapped URL path [/**/favicon.ico] onto handler of type [class org.springframework.web.servlet.resource.ResourceHttpRequestHandler]
2018-07-08  20:18:00.770 INFO  [tartedMain] [] o.s.b.a.e.m.EndpointHandlerMapping - Mapped "{[/mappings || /mappings.json],methods=[GET],produces=[application/vnd.spring-boot.actuator.v1+json || application/json]}" onto public java.lang.Object org.springframework.boot.actuate.endpoint.mvc.EndpointMvcAdapter.invoke()
2018-07-08  20:18:00.770 INFO  [tartedMain] [] o.s.b.a.e.m.EndpointHandlerMapping - Mapped "{[/shutdown || /shutdown.json],methods=[POST],produces=[application/vnd.spring-boot.actuator.v1+json || application/json]}" onto public java.lang.Object org.springframework.boot.actuate.endpoint.mvc.ShutdownMvcEndpoint.invoke()
2018-07-08  20:18:00.786 INFO  [tartedMain] [] o.s.b.a.e.m.EndpointHandlerMapping - Mapped "{[/env/{name:.*}],methods=[GET],produces=[application/vnd.spring-boot.actuator.v1+json || application/json]}" onto public java.lang.Object org.springframework.boot.actuate.endpoint.mvc.EnvironmentMvcEndpoint.value(java.lang.String)
2018-07-08  20:18:00.786 INFO  [tartedMain] [] o.s.b.a.e.m.EndpointHandlerMapping - Mapped "{[/env || /env.json],methods=[GET],produces=[application/vnd.spring-boot.actuator.v1+json || application/json]}" onto public java.lang.Object org.springframework.boot.actuate.endpoint.mvc.EndpointMvcAdapter.invoke()
2018-07-08  20:18:00.786 INFO  [tartedMain] [] o.s.b.a.e.m.EndpointHandlerMapping - Mapped "{[/env],methods=[POST]}" onto public java.lang.Object org.springframework.cloud.context.environment.EnvironmentManagerMvcEndpoint.value(java.util.Map<java.lang.String, java.lang.String>)
2018-07-08  20:18:00.786 INFO  [tartedMain] [] o.s.b.a.e.m.EndpointHandlerMapping - Mapped "{[/env/reset],methods=[POST]}" onto public java.util.Map<java.lang.String, java.lang.Object> org.springframework.cloud.context.environment.EnvironmentManagerMvcEndpoint.reset()
2018-07-08  20:18:00.786 INFO  [tartedMain] [] o.s.b.a.e.m.EndpointHandlerMapping - Mapped "{[/pause || /pause.json],methods=[POST]}" onto public java.lang.Object org.springframework.cloud.endpoint.GenericPostableMvcEndpoint.invoke()
2018-07-08  20:18:00.786 INFO  [tartedMain] [] o.s.b.a.e.m.EndpointHandlerMapping - Mapped "{[/info || /info.json],methods=[GET],produces=[application/vnd.spring-boot.actuator.v1+json || application/json]}" onto public java.lang.Object org.springframework.boot.actuate.endpoint.mvc.EndpointMvcAdapter.invoke()
2018-07-08  20:18:00.786 INFO  [tartedMain] [] o.s.b.a.e.m.EndpointHandlerMapping - Mapped "{[/loggers/{name:.*}],methods=[GET],produces=[application/vnd.spring-boot.actuator.v1+json || application/json]}" onto public java.lang.Object org.springframework.boot.actuate.endpoint.mvc.LoggersMvcEndpoint.get(java.lang.String)
2018-07-08  20:18:00.786 INFO  [tartedMain] [] o.s.b.a.e.m.EndpointHandlerMapping - Mapped "{[/loggers/{name:.*}],methods=[POST],consumes=[application/vnd.spring-boot.actuator.v1+json || application/json],produces=[application/vnd.spring-boot.actuator.v1+json || application/json]}" onto public java.lang.Object org.springframework.boot.actuate.endpoint.mvc.LoggersMvcEndpoint.set(java.lang.String,java.util.Map<java.lang.String, java.lang.String>)
2018-07-08  20:18:00.786 INFO  [tartedMain] [] o.s.b.a.e.m.EndpointHandlerMapping - Mapped "{[/loggers || /loggers.json],methods=[GET],produces=[application/vnd.spring-boot.actuator.v1+json || application/json]}" onto public java.lang.Object org.springframework.boot.actuate.endpoint.mvc.EndpointMvcAdapter.invoke()
2018-07-08  20:18:00.786 INFO  [tartedMain] [] o.s.b.a.e.m.EndpointHandlerMapping - Mapped "{[/resume || /resume.json],methods=[POST]}" onto public java.lang.Object org.springframework.cloud.endpoint.GenericPostableMvcEndpoint.invoke()
2018-07-08  20:18:00.786 INFO  [tartedMain] [] o.s.b.a.e.m.EndpointHandlerMapping - Mapped "{[/archaius || /archaius.json],methods=[GET],produces=[application/vnd.spring-boot.actuator.v1+json || application/json]}" onto public java.lang.Object org.springframework.boot.actuate.endpoint.mvc.EndpointMvcAdapter.invoke()
2018-07-08  20:18:00.786 INFO  [tartedMain] [] o.s.b.a.e.m.EndpointHandlerMapping - Mapped "{[/trace || /trace.json],methods=[GET],produces=[application/vnd.spring-boot.actuator.v1+json || application/json]}" onto public java.lang.Object org.springframework.boot.actuate.endpoint.mvc.EndpointMvcAdapter.invoke()
2018-07-08  20:18:00.786 INFO  [tartedMain] [] o.s.b.a.e.m.EndpointHandlerMapping - Mapped "{[/heapdump || /heapdump.json],methods=[GET],produces=[application/octet-stream]}" onto public void org.springframework.boot.actuate.endpoint.mvc.HeapdumpMvcEndpoint.invoke(boolean,javax.servlet.http.HttpServletRequest,javax.servlet.http.HttpServletResponse) throws java.io.IOException,javax.servlet.ServletException
2018-07-08  20:18:00.786 INFO  [tartedMain] [] o.s.b.a.e.m.EndpointHandlerMapping - Mapped "{[/features || /features.json],methods=[GET],produces=[application/vnd.spring-boot.actuator.v1+json || application/json]}" onto public java.lang.Object org.springframework.boot.actuate.endpoint.mvc.EndpointMvcAdapter.invoke()
2018-07-08  20:18:00.802 INFO  [tartedMain] [] o.s.b.a.e.m.EndpointHandlerMapping - Mapped "{[/configprops || /configprops.json],methods=[GET],produces=[application/vnd.spring-boot.actuator.v1+json || application/json]}" onto public java.lang.Object org.springframework.boot.actuate.endpoint.mvc.EndpointMvcAdapter.invoke()
2018-07-08  20:18:00.802 INFO  [tartedMain] [] o.s.b.a.e.m.EndpointHandlerMapping - Mapped "{[/health || /health.json],methods=[GET],produces=[application/vnd.spring-boot.actuator.v1+json || application/json]}" onto public java.lang.Object org.springframework.boot.actuate.endpoint.mvc.HealthMvcEndpoint.invoke(javax.servlet.http.HttpServletRequest,java.security.Principal)
2018-07-08  20:18:00.802 INFO  [tartedMain] [] o.s.b.a.e.m.EndpointHandlerMapping - Mapped "{[/beans || /beans.json],methods=[GET],produces=[application/vnd.spring-boot.actuator.v1+json || application/json]}" onto public java.lang.Object org.springframework.boot.actuate.endpoint.mvc.EndpointMvcAdapter.invoke()
2018-07-08  20:18:00.802 INFO  [tartedMain] [] o.s.b.a.e.m.EndpointHandlerMapping - Mapped "{[/metrics/{name:.*}],methods=[GET],produces=[application/vnd.spring-boot.actuator.v1+json || application/json]}" onto public java.lang.Object org.springframework.boot.actuate.endpoint.mvc.MetricsMvcEndpoint.value(java.lang.String)
2018-07-08  20:18:00.802 INFO  [tartedMain] [] o.s.b.a.e.m.EndpointHandlerMapping - Mapped "{[/metrics || /metrics.json],methods=[GET],produces=[application/vnd.spring-boot.actuator.v1+json || application/json]}" onto public java.lang.Object org.springframework.boot.actuate.endpoint.mvc.EndpointMvcAdapter.invoke()
2018-07-08  20:18:00.802 INFO  [tartedMain] [] o.s.b.a.e.m.EndpointHandlerMapping - Mapped "{[/autoconfig || /autoconfig.json],methods=[GET],produces=[application/vnd.spring-boot.actuator.v1+json || application/json]}" onto public java.lang.Object org.springframework.boot.actuate.endpoint.mvc.EndpointMvcAdapter.invoke()
2018-07-08  20:18:00.802 INFO  [tartedMain] [] o.s.b.a.e.m.EndpointHandlerMapping - Mapped "{[/auditevents || /auditevents.json],methods=[GET],produces=[application/vnd.spring-boot.actuator.v1+json || application/json]}" onto public org.springframework.http.ResponseEntity<?> org.springframework.boot.actuate.endpoint.mvc.AuditEventsMvcEndpoint.findByPrincipalAndAfterAndType(java.lang.String,java.util.Date,java.lang.String)
2018-07-08  20:18:00.802 INFO  [tartedMain] [] o.s.b.a.e.m.EndpointHandlerMapping - Mapped "{[/dump || /dump.json],methods=[GET],produces=[application/vnd.spring-boot.actuator.v1+json || application/json]}" onto public java.lang.Object org.springframework.boot.actuate.endpoint.mvc.EndpointMvcAdapter.invoke()
2018-07-08  20:18:00.802 INFO  [tartedMain] [] o.s.b.a.e.m.EndpointHandlerMapping - Mapped "{[/refresh || /refresh.json],methods=[POST]}" onto public java.lang.Object org.springframework.cloud.endpoint.GenericPostableMvcEndpoint.invoke()
2018-07-08  20:18:00.802 INFO  [tartedMain] [] o.s.b.a.e.m.EndpointHandlerMapping - Mapped "{[/restart || /restart.json],methods=[POST]}" onto public java.lang.Object org.springframework.cloud.context.restart.RestartMvcEndpoint.invoke()
2018-07-08  20:18:01.718 INFO  [tartedMain] [] o.s.b.d.a.OptionalLiveReloadServer - LiveReload server is running on port 35729
2018-07-08  20:18:02.963 INFO  [tartedMain] [] o.s.c.c.u.InetUtils - Cannot determine local hostname
2018-07-08  20:18:03.308 WARN  [tartedMain] [] c.n.c.s.URLConfigurationSource - No URLs will be polled as dynamic configuration sources.
2018-07-08  20:18:03.311 INFO  [tartedMain] [] c.n.c.s.URLConfigurationSource - To enable URLs as dynamic configuration sources, define System property archaius.configurationSource.additionalUrls or make config.properties available on classpath.
2018-07-08  20:18:03.359 WARN  [tartedMain] [] c.n.c.s.URLConfigurationSource - No URLs will be polled as dynamic configuration sources.
2018-07-08  20:18:03.359 INFO  [tartedMain] [] c.n.c.s.URLConfigurationSource - To enable URLs as dynamic configuration sources, define System property archaius.configurationSource.additionalUrls or make config.properties available on classpath.
2018-07-08  20:18:03.874 INFO  [tartedMain] [] o.s.j.e.a.AnnotationMBeanExporter - Registering beans for JMX exposure on startup
2018-07-08  20:18:03.890 INFO  [tartedMain] [] o.s.j.e.a.AnnotationMBeanExporter - Bean with name 'environmentManager' has been autodetected for JMX exposure
2018-07-08  20:18:03.890 INFO  [tartedMain] [] o.s.j.e.a.AnnotationMBeanExporter - Bean with name 'configurationPropertiesRebinder' has been autodetected for JMX exposure
2018-07-08  20:18:03.890 INFO  [tartedMain] [] o.s.j.e.a.AnnotationMBeanExporter - Bean with name 'refreshEndpoint' has been autodetected for JMX exposure
2018-07-08  20:18:03.890 INFO  [tartedMain] [] o.s.j.e.a.AnnotationMBeanExporter - Bean with name 'restartEndpoint' has been autodetected for JMX exposure
2018-07-08  20:18:03.890 INFO  [tartedMain] [] o.s.j.e.a.AnnotationMBeanExporter - Bean with name 'refreshScope' has been autodetected for JMX exposure
2018-07-08  20:18:03.890 INFO  [tartedMain] [] o.s.j.e.a.AnnotationMBeanExporter - Located managed bean 'environmentManager': registering with JMX server as MBean [org.springframework.cloud.context.environment:name=environmentManager,type=EnvironmentManager]
2018-07-08  20:18:03.921 INFO  [tartedMain] [] o.s.j.e.a.AnnotationMBeanExporter - Located managed bean 'restartEndpoint': registering with JMX server as MBean [org.springframework.cloud.context.restart:name=restartEndpoint,type=RestartEndpoint]
2018-07-08  20:18:03.921 INFO  [tartedMain] [] o.s.j.e.a.AnnotationMBeanExporter - Located managed bean 'refreshScope': registering with JMX server as MBean [org.springframework.cloud.context.scope.refresh:name=refreshScope,type=RefreshScope]
2018-07-08  20:18:03.937 INFO  [tartedMain] [] o.s.j.e.a.AnnotationMBeanExporter - Located managed bean 'configurationPropertiesRebinder': registering with JMX server as MBean [org.springframework.cloud.context.properties:name=configurationPropertiesRebinder,context=26e5fadd,type=ConfigurationPropertiesRebinder]
2018-07-08  20:18:03.952 INFO  [tartedMain] [] o.s.j.e.a.AnnotationMBeanExporter - Located managed bean 'refreshEndpoint': registering with JMX server as MBean [org.springframework.cloud.endpoint:name=refreshEndpoint,type=RefreshEndpoint]
2018-07-08  20:18:03.952 INFO  [tartedMain] [] o.s.b.a.e.j.EndpointMBeanExporter - Registering beans for JMX exposure on startup
2018-07-08  20:18:04.227 INFO  [tartedMain] [] o.s.c.s.DefaultLifecycleProcessor - Starting beans in phase 0
2018-07-08  20:18:04.227 INFO  [tartedMain] [] o.s.b.a.e.j.EndpointMBeanExporter - Located managed bean 'auditEventsEndpoint': registering with JMX server as MBean [org.springframework.boot:type=Endpoint,name=auditEventsEndpoint]
2018-07-08  20:18:04.243 INFO  [tartedMain] [] o.s.b.a.e.j.EndpointMBeanExporter - Located managed bean 'featuresEndpoint': registering with JMX server as MBean [org.springframework.boot:type=Endpoint,name=featuresEndpoint]
2018-07-08  20:18:04.243 INFO  [tartedMain] [] o.s.b.a.e.j.EndpointMBeanExporter - Located managed bean 'requestMappingEndpoint': registering with JMX server as MBean [org.springframework.boot:type=Endpoint,name=requestMappingEndpoint]
2018-07-08  20:18:04.243 INFO  [tartedMain] [] o.s.b.a.e.j.EndpointMBeanExporter - Located managed bean 'environmentEndpoint': registering with JMX server as MBean [org.springframework.boot:type=Endpoint,name=environmentEndpoint]
2018-07-08  20:18:04.259 INFO  [tartedMain] [] o.s.b.a.e.j.EndpointMBeanExporter - Located managed bean 'healthEndpoint': registering with JMX server as MBean [org.springframework.boot:type=Endpoint,name=healthEndpoint]
2018-07-08  20:18:04.259 INFO  [tartedMain] [] o.s.b.a.e.j.EndpointMBeanExporter - Located managed bean 'beansEndpoint': registering with JMX server as MBean [org.springframework.boot:type=Endpoint,name=beansEndpoint]
2018-07-08  20:18:04.259 INFO  [tartedMain] [] o.s.b.a.e.j.EndpointMBeanExporter - Located managed bean 'infoEndpoint': registering with JMX server as MBean [org.springframework.boot:type=Endpoint,name=infoEndpoint]
2018-07-08  20:18:04.259 INFO  [tartedMain] [] o.s.b.a.e.j.EndpointMBeanExporter - Located managed bean 'loggersEndpoint': registering with JMX server as MBean [org.springframework.boot:type=Endpoint,name=loggersEndpoint]
2018-07-08  20:18:04.259 INFO  [tartedMain] [] o.s.b.a.e.j.EndpointMBeanExporter - Located managed bean 'metricsEndpoint': registering with JMX server as MBean [org.springframework.boot:type=Endpoint,name=metricsEndpoint]
2018-07-08  20:18:04.259 INFO  [tartedMain] [] o.s.b.a.e.j.EndpointMBeanExporter - Located managed bean 'traceEndpoint': registering with JMX server as MBean [org.springframework.boot:type=Endpoint,name=traceEndpoint]
2018-07-08  20:18:04.259 INFO  [tartedMain] [] o.s.b.a.e.j.EndpointMBeanExporter - Located managed bean 'dumpEndpoint': registering with JMX server as MBean [org.springframework.boot:type=Endpoint,name=dumpEndpoint]
2018-07-08  20:18:04.275 INFO  [tartedMain] [] o.s.b.a.e.j.EndpointMBeanExporter - Located managed bean 'autoConfigurationReportEndpoint': registering with JMX server as MBean [org.springframework.boot:type=Endpoint,name=autoConfigurationReportEndpoint]
2018-07-08  20:18:04.278 INFO  [tartedMain] [] o.s.b.a.e.j.EndpointMBeanExporter - Located managed bean 'shutdownEndpoint': registering with JMX server as MBean [org.springframework.boot:type=Endpoint,name=shutdownEndpoint]
2018-07-08  20:18:04.282 INFO  [tartedMain] [] o.s.b.a.e.j.EndpointMBeanExporter - Located managed bean 'configurationPropertiesReportEndpoint': registering with JMX server as MBean [org.springframework.boot:type=Endpoint,name=configurationPropertiesReportEndpoint]
2018-07-08  20:18:04.284 INFO  [tartedMain] [] o.s.b.a.e.j.EndpointMBeanExporter - Located managed bean 'archaiusEndpoint': registering with JMX server as MBean [org.springframework.boot:type=Endpoint,name=archaiusEndpoint]
2018-07-08  20:18:04.298 INFO  [tartedMain] [] o.s.s.a.ScheduledAnnotationBeanPostProcessor - No TaskScheduler/ScheduledExecutorService bean found for scheduled processing
2018-07-08  20:18:04.416 INFO  [tartedMain] [] o.a.c.h.Http11NioProtocol - Initializing ProtocolHandler ["http-nio-9999"]
2018-07-08  20:18:04.475 INFO  [tartedMain] [] o.a.c.h.Http11NioProtocol - Starting ProtocolHandler ["http-nio-9999"]
2018-07-08  20:18:04.490 INFO  [tartedMain] [] o.a.t.u.n.NioSelectorPool - Using a shared selector for servlet write/read
2018-07-08  20:18:04.537 INFO  [tartedMain] [] o.s.b.c.e.t.TomcatEmbeddedServletContainer - Tomcat started on port(s): 9999 (http)
2018-07-08  20:18:04.537 INFO  [tartedMain] [] c.c.t.b.TaurusBaseApplication - Started TaurusBaseApplication in 31.74 seconds (JVM running for 47.046)
2018-07-08  20:18:04.537 INFO  [tartedMain] [] c.c.t.b.TaurusBaseApplication - Server start success
2018-07-08  22:04:10.658 INFO  [999-exec-1] [] o.a.c.c.C.[.[.[/] - Initializing Spring FrameworkServlet 'dispatcherServlet'
2018-07-08  22:04:10.659 INFO  [999-exec-1] [] o.s.w.s.DispatcherServlet - FrameworkServlet 'dispatcherServlet': initialization started
2018-07-08  22:04:10.719 INFO  [999-exec-1] [] o.s.w.s.DispatcherServlet - FrameworkServlet 'dispatcherServlet': initialization completed in 60 ms
2018-07-08  22:04:12.547 INFO  [999-exec-1] [] c.a.d.p.DruidDataSource - {dataSource-1} inited
2018-07-08  22:04:12.576 DEBUG [999-exec-1] [] c.c.t.b.d.A.selectByCondition - ==>  Preparing: select id, name, real_name, star, sex, country, type1, type2, strong, property, tag_film, tag_character, skill1, skill2, skill3, skill4, skill5, skill6 from actor where 1=1 ORDER BY star DESC LIMIT ?,? 
2018-07-08  22:04:12.660 DEBUG [999-exec-1] [] c.c.t.b.d.A.selectByCondition - ==> Parameters: 0(Integer), 30(Integer)
2018-07-08  22:04:12.879 DEBUG [999-exec-1] [] c.c.t.b.d.A.selectByCondition - <==      Total: 30
2018-07-08  22:04:12.883 DEBUG [999-exec-1] [] c.c.t.b.d.A.countByCondition - ==>  Preparing: select count(1) from actor where 1=1 
2018-07-08  22:04:12.884 DEBUG [999-exec-1] [] c.c.t.b.d.A.countByCondition - ==> Parameters: 
2018-07-08  22:04:12.915 DEBUG [999-exec-1] [] c.c.t.b.d.A.countByCondition - <==      Total: 1
